CRITICAL - 2025-03-16 14:51:09 --> ErrorException: Undefined property: App\Cells\ArtikelTerkini::$data
[Method: GET, Route: /]
in APPPATH\cells\ArtikelTerkini.php on line 11.
 1 APPPATH\cells\ArtikelTerkini.php(11): CodeIgniter\Debug\Exceptions->errorHandler(2, 'Undefined property: App\\Cells\\ArtikelTerkini::$data', 'C:\\xampp\\htdocs\\lab11_ci\\ci4\\app\\cells\\ArtikelTerkini.php', 11)
 2 SYSTEMPATH\View\Cell.php(233): App\Cells\ArtikelTerkini->render()
 3 SYSTEMPATH\View\Cell.php(103): CodeIgniter\View\Cell->renderCell(Object(App\Cells\ArtikelTerkini), 'render', [])
 4 SYSTEMPATH\Common.php(1189): CodeIgniter\View\Cell->render('App\\Cells\\ArtikelTerkini::render', [], 0, 'AppCellsArtikelTerkinirender40cd750bba9870f18aada2478b24840a')
 5 APPPATH\Views\home.php(26): view_cell('App\\Cells\\ArtikelTerkini::render')
 6 SYSTEMPATH\View\View.php(224): include('C:\\xampp\\htdocs\\lab11_ci\\ci4\\app\\Views\\home.php')
 7 SYSTEMPATH\View\View.php(227): CodeIgniter\View\View->CodeIgniter\View\{closure}()
 8 SYSTEMPATH\Common.php(1173): CodeIgniter\View\View->render('home', [], true)
 9 APPPATH\Controllers\Home.php(21): view('home', [...])
10 SYSTEMPATH\CodeIgniter.php(933): App\Controllers\Home->index()
11 SYSTEMPATH\CodeIgniter.php(507): CodeIgniter\CodeIgniter->runController(Object(App\Controllers\Home))
12 SYSTEMPATH\CodeIgniter.php(354): CodeIgniter\CodeIgniter->handleRequest(null, Object(Config\Cache), false)
13 SYSTEMPATH\Boot.php(334): CodeIgniter\CodeIgniter->run()
14 SYSTEMPATH\Boot.php(67): CodeIgniter\Boot::runCodeIgniter(Object(CodeIgniter\CodeIgniter))
15 FCPATH\index.php(56): CodeIgniter\Boot::bootWeb(Object(Config\Paths))
16 SYSTEMPATH\rewrite.php(44): require_once('C:\\xampp\\htdocs\\lab11_ci\\ci4\\public\\index.php')
CRITICAL - 2025-03-16 14:51:41 --> ErrorException: Undefined property: App\Cells\ArtikelTerkini::$data
[Method: GET, Route: /]
in APPPATH\cells\ArtikelTerkini.php on line 11.
 1 APPPATH\cells\ArtikelTerkini.php(11): CodeIgniter\Debug\Exceptions->errorHandler(2, 'Undefined property: App\\Cells\\ArtikelTerkini::$data', 'C:\\xampp\\htdocs\\lab11_ci\\ci4\\app\\cells\\ArtikelTerkini.php', 11)
 2 SYSTEMPATH\View\Cell.php(233): App\Cells\ArtikelTerkini->render()
 3 SYSTEMPATH\View\Cell.php(103): CodeIgniter\View\Cell->renderCell(Object(App\Cells\ArtikelTerkini), 'render', [])
 4 SYSTEMPATH\Common.php(1189): CodeIgniter\View\Cell->render('App\\Cells\\ArtikelTerkini', [], 0, 'AppCellsArtikelTerkinirender40cd750bba9870f18aada2478b24840a')
 5 APPPATH\Views\home.php(26): view_cell('App\\Cells\\ArtikelTerkini')
 6 SYSTEMPATH\View\View.php(224): include('C:\\xampp\\htdocs\\lab11_ci\\ci4\\app\\Views\\home.php')
 7 SYSTEMPATH\View\View.php(227): CodeIgniter\View\View->CodeIgniter\View\{closure}()
 8 SYSTEMPATH\Common.php(1173): CodeIgniter\View\View->render('home', [], true)
 9 APPPATH\Controllers\Home.php(21): view('home', [...])
10 SYSTEMPATH\CodeIgniter.php(933): App\Controllers\Home->index()
11 SYSTEMPATH\CodeIgniter.php(507): CodeIgniter\CodeIgniter->runController(Object(App\Controllers\Home))
12 SYSTEMPATH\CodeIgniter.php(354): CodeIgniter\CodeIgniter->handleRequest(null, Object(Config\Cache), false)
13 SYSTEMPATH\Boot.php(334): CodeIgniter\CodeIgniter->run()
14 SYSTEMPATH\Boot.php(67): CodeIgniter\Boot::runCodeIgniter(Object(CodeIgniter\CodeIgniter))
15 FCPATH\index.php(56): CodeIgniter\Boot::bootWeb(Object(Config\Paths))
16 SYSTEMPATH\rewrite.php(44): require_once('C:\\xampp\\htdocs\\lab11_ci\\ci4\\public\\index.php')
CRITICAL - 2025-03-16 14:51:42 --> ErrorException: Undefined property: App\Cells\ArtikelTerkini::$data
[Method: GET, Route: /]
in APPPATH\cells\ArtikelTerkini.php on line 11.
 1 APPPATH\cells\ArtikelTerkini.php(11): CodeIgniter\Debug\Exceptions->errorHandler(2, 'Undefined property: App\\Cells\\ArtikelTerkini::$data', 'C:\\xampp\\htdocs\\lab11_ci\\ci4\\app\\cells\\ArtikelTerkini.php', 11)
 2 SYSTEMPATH\View\Cell.php(233): App\Cells\ArtikelTerkini->render()
 3 SYSTEMPATH\View\Cell.php(103): CodeIgniter\View\Cell->renderCell(Object(App\Cells\ArtikelTerkini), 'render', [])
 4 SYSTEMPATH\Common.php(1189): CodeIgniter\View\Cell->render('App\\Cells\\ArtikelTerkini', [], 0, 'AppCellsArtikelTerkinirender40cd750bba9870f18aada2478b24840a')
 5 APPPATH\Views\home.php(26): view_cell('App\\Cells\\ArtikelTerkini')
 6 SYSTEMPATH\View\View.php(224): include('C:\\xampp\\htdocs\\lab11_ci\\ci4\\app\\Views\\home.php')
 7 SYSTEMPATH\View\View.php(227): CodeIgniter\View\View->CodeIgniter\View\{closure}()
 8 SYSTEMPATH\Common.php(1173): CodeIgniter\View\View->render('home', [], true)
 9 APPPATH\Controllers\Home.php(21): view('home', [...])
10 SYSTEMPATH\CodeIgniter.php(933): App\Controllers\Home->index()
11 SYSTEMPATH\CodeIgniter.php(507): CodeIgniter\CodeIgniter->runController(Object(App\Controllers\Home))
12 SYSTEMPATH\CodeIgniter.php(354): CodeIgniter\CodeIgniter->handleRequest(null, Object(Config\Cache), false)
13 SYSTEMPATH\Boot.php(334): CodeIgniter\CodeIgniter->run()
14 SYSTEMPATH\Boot.php(67): CodeIgniter\Boot::runCodeIgniter(Object(CodeIgniter\CodeIgniter))
15 FCPATH\index.php(56): CodeIgniter\Boot::bootWeb(Object(Config\Paths))
16 SYSTEMPATH\rewrite.php(44): require_once('C:\\xampp\\htdocs\\lab11_ci\\ci4\\public\\index.php')
CRITICAL - 2025-03-16 14:53:11 --> CodeIgniter\View\Exceptions\ViewException: App\Cells\ArtikelTerkini::render is not a valid method.
[Method: GET, Route: /]
in SYSTEMPATH\View\Cell.php on line 99.
 1 SYSTEMPATH\View\Cell.php(99): CodeIgniter\View\Exceptions\ViewException::forInvalidCellMethod('App\\Cells\\ArtikelTerkini', 'render')
 2 SYSTEMPATH\Common.php(1189): CodeIgniter\View\Cell->render('App\\Cells\\ArtikelTerkini', [], 0, 'AppCellsArtikelTerkinirender40cd750bba9870f18aada2478b24840a')
 3 APPPATH\Views\home.php(26): view_cell('App\\Cells\\ArtikelTerkini')
 4 SYSTEMPATH\View\View.php(224): include('C:\\xampp\\htdocs\\lab11_ci\\ci4\\app\\Views\\home.php')
 5 SYSTEMPATH\View\View.php(227): CodeIgniter\View\View->CodeIgniter\View\{closure}()
 6 SYSTEMPATH\Common.php(1173): CodeIgniter\View\View->render('home', [], true)
 7 APPPATH\Controllers\Home.php(21): view('home', [...])
 8 SYSTEMPATH\CodeIgniter.php(933): App\Controllers\Home->index()
 9 SYSTEMPATH\CodeIgniter.php(507): CodeIgniter\CodeIgniter->runController(Object(App\Controllers\Home))
10 SYSTEMPATH\CodeIgniter.php(354): CodeIgniter\CodeIgniter->handleRequest(null, Object(Config\Cache), false)
11 SYSTEMPATH\Boot.php(334): CodeIgniter\CodeIgniter->run()
12 SYSTEMPATH\Boot.php(67): CodeIgniter\Boot::runCodeIgniter(Object(CodeIgniter\CodeIgniter))
13 FCPATH\index.php(56): CodeIgniter\Boot::bootWeb(Object(Config\Paths))
14 SYSTEMPATH\rewrite.php(44): require_once('C:\\xampp\\htdocs\\lab11_ci\\ci4\\public\\index.php')
CRITICAL - 2025-03-16 14:53:15 --> CodeIgniter\View\Exceptions\ViewException: App\Cells\ArtikelTerkini::render is not a valid method.
[Method: GET, Route: /]
in SYSTEMPATH\View\Cell.php on line 99.
 1 SYSTEMPATH\View\Cell.php(99): CodeIgniter\View\Exceptions\ViewException::forInvalidCellMethod('App\\Cells\\ArtikelTerkini', 'render')
 2 SYSTEMPATH\Common.php(1189): CodeIgniter\View\Cell->render('App\\Cells\\ArtikelTerkini', [], 0, 'AppCellsArtikelTerkinirender40cd750bba9870f18aada2478b24840a')
 3 APPPATH\Views\home.php(26): view_cell('App\\Cells\\ArtikelTerkini')
 4 SYSTEMPATH\View\View.php(224): include('C:\\xampp\\htdocs\\lab11_ci\\ci4\\app\\Views\\home.php')
 5 SYSTEMPATH\View\View.php(227): CodeIgniter\View\View->CodeIgniter\View\{closure}()
 6 SYSTEMPATH\Common.php(1173): CodeIgniter\View\View->render('home', [], true)
 7 APPPATH\Controllers\Home.php(21): view('home', [...])
 8 SYSTEMPATH\CodeIgniter.php(933): App\Controllers\Home->index()
 9 SYSTEMPATH\CodeIgniter.php(507): CodeIgniter\CodeIgniter->runController(Object(App\Controllers\Home))
10 SYSTEMPATH\CodeIgniter.php(354): CodeIgniter\CodeIgniter->handleRequest(null, Object(Config\Cache), false)
11 SYSTEMPATH\Boot.php(334): CodeIgniter\CodeIgniter->run()
12 SYSTEMPATH\Boot.php(67): CodeIgniter\Boot::runCodeIgniter(Object(CodeIgniter\CodeIgniter))
13 FCPATH\index.php(56): CodeIgniter\Boot::bootWeb(Object(Config\Paths))
14 SYSTEMPATH\rewrite.php(44): require_once('C:\\xampp\\htdocs\\lab11_ci\\ci4\\public\\index.php')
CRITICAL - 2025-03-16 14:53:24 --> CodeIgniter\View\Exceptions\ViewException: App\Cells\ArtikelTerkini::render is not a valid method.
[Method: GET, Route: /]
in SYSTEMPATH\View\Cell.php on line 99.
 1 SYSTEMPATH\View\Cell.php(99): CodeIgniter\View\Exceptions\ViewException::forInvalidCellMethod('App\\Cells\\ArtikelTerkini', 'render')
 2 SYSTEMPATH\Common.php(1189): CodeIgniter\View\Cell->render('App\\Cells\\ArtikelTerkini::render', [], 0, 'AppCellsArtikelTerkinirender40cd750bba9870f18aada2478b24840a')
 3 APPPATH\Views\home.php(26): view_cell('App\\Cells\\ArtikelTerkini::render')
 4 SYSTEMPATH\View\View.php(224): include('C:\\xampp\\htdocs\\lab11_ci\\ci4\\app\\Views\\home.php')
 5 SYSTEMPATH\View\View.php(227): CodeIgniter\View\View->CodeIgniter\View\{closure}()
 6 SYSTEMPATH\Common.php(1173): CodeIgniter\View\View->render('home', [], true)
 7 APPPATH\Controllers\Home.php(21): view('home', [...])
 8 SYSTEMPATH\CodeIgniter.php(933): App\Controllers\Home->index()
 9 SYSTEMPATH\CodeIgniter.php(507): CodeIgniter\CodeIgniter->runController(Object(App\Controllers\Home))
10 SYSTEMPATH\CodeIgniter.php(354): CodeIgniter\CodeIgniter->handleRequest(null, Object(Config\Cache), false)
11 SYSTEMPATH\Boot.php(334): CodeIgniter\CodeIgniter->run()
12 SYSTEMPATH\Boot.php(67): CodeIgniter\Boot::runCodeIgniter(Object(CodeIgniter\CodeIgniter))
13 FCPATH\index.php(56): CodeIgniter\Boot::bootWeb(Object(Config\Paths))
14 SYSTEMPATH\rewrite.php(44): require_once('C:\\xampp\\htdocs\\lab11_ci\\ci4\\public\\index.php')
CRITICAL - 2025-03-16 15:04:52 --> CodeIgniter\View\Exceptions\ViewException: App\Cells\ArtikelTerkini::render is not a valid method.
[Method: GET, Route: artikel]
in SYSTEMPATH\View\Cell.php on line 99.
 1 SYSTEMPATH\View\Cell.php(99): CodeIgniter\View\Exceptions\ViewException::forInvalidCellMethod('App\\Cells\\ArtikelTerkini', 'render')
 2 SYSTEMPATH\Common.php(1189): CodeIgniter\View\Cell->render('App\\Cells\\ArtikelTerkini', [], 0, 'AppCellsArtikelTerkinirender40cd750bba9870f18aada2478b24840a')
 3 APPPATH\Views\layout\main.php(26): view_cell('App\\Cells\\ArtikelTerkini')
 4 SYSTEMPATH\View\View.php(224): include('C:\\xampp\\htdocs\\lab11_ci\\ci4\\app\\Views\\layout\\main.php')
 5 SYSTEMPATH\View\View.php(227): CodeIgniter\View\View->CodeIgniter\View\{closure}()
 6 SYSTEMPATH\View\View.php(240): CodeIgniter\View\View->render('layout/main', [], true)
 7 SYSTEMPATH\Common.php(1173): CodeIgniter\View\View->render('artikel/index', [], true)
 8 APPPATH\Controllers\artikel.php(20): view('artikel/index', [...])
 9 SYSTEMPATH\CodeIgniter.php(933): App\Controllers\Artikel->index()
10 SYSTEMPATH\CodeIgniter.php(507): CodeIgniter\CodeIgniter->runController(Object(App\Controllers\Artikel))
11 SYSTEMPATH\CodeIgniter.php(354): CodeIgniter\CodeIgniter->handleRequest(null, Object(Config\Cache), false)
12 SYSTEMPATH\Boot.php(334): CodeIgniter\CodeIgniter->run()
13 SYSTEMPATH\Boot.php(67): CodeIgniter\Boot::runCodeIgniter(Object(CodeIgniter\CodeIgniter))
14 FCPATH\index.php(56): CodeIgniter\Boot::bootWeb(Object(Config\Paths))
15 SYSTEMPATH\rewrite.php(44): require_once('C:\\xampp\\htdocs\\lab11_ci\\ci4\\public\\index.php')
CRITICAL - 2025-03-16 15:10:57 --> CodeIgniter\View\Exceptions\ViewException: App\Cells\ArtikelTerkini::render is not a valid method.
[Method: GET, Route: artikel/Kebangkitan-Manchester-United-di-Bawah-Asuhan-Ruben-Amorim]
in SYSTEMPATH\View\Cell.php on line 99.
 1 SYSTEMPATH\View\Cell.php(99): CodeIgniter\View\Exceptions\ViewException::forInvalidCellMethod('App\\Cells\\ArtikelTerkini', 'render')
 2 SYSTEMPATH\Common.php(1189): CodeIgniter\View\Cell->render('App\\Cells\\ArtikelTerkini', [], 0, 'AppCellsArtikelTerkinirender40cd750bba9870f18aada2478b24840a')
 3 APPPATH\Views\layout\main.php(26): view_cell('App\\Cells\\ArtikelTerkini')
 4 SYSTEMPATH\View\View.php(224): include('C:\\xampp\\htdocs\\lab11_ci\\ci4\\app\\Views\\layout\\main.php')
 5 SYSTEMPATH\View\View.php(227): CodeIgniter\View\View->CodeIgniter\View\{closure}()
 6 SYSTEMPATH\View\View.php(240): CodeIgniter\View\View->render('layout/main', [], true)
 7 SYSTEMPATH\Common.php(1173): CodeIgniter\View\View->render('artikel/detail', [], true)
 8 APPPATH\Controllers\artikel.php(37): view('artikel/detail', [...])
 9 SYSTEMPATH\CodeIgniter.php(933): App\Controllers\Artikel->view('Kebangkitan-Manchester-United-di-Bawah-Asuhan-Ruben-Amorim')
10 SYSTEMPATH\CodeIgniter.php(507): CodeIgniter\CodeIgniter->runController(Object(App\Controllers\Artikel))
11 SYSTEMPATH\CodeIgniter.php(354): CodeIgniter\CodeIgniter->handleRequest(null, Object(Config\Cache), false)
12 SYSTEMPATH\Boot.php(334): CodeIgniter\CodeIgniter->run()
13 SYSTEMPATH\Boot.php(67): CodeIgniter\Boot::runCodeIgniter(Object(CodeIgniter\CodeIgniter))
14 FCPATH\index.php(56): CodeIgniter\Boot::bootWeb(Object(Config\Paths))
15 SYSTEMPATH\rewrite.php(44): require_once('C:\\xampp\\htdocs\\lab11_ci\\ci4\\public\\index.php')
CRITICAL - 2025-03-16 15:11:01 --> CodeIgniter\View\Exceptions\ViewException: App\Cells\ArtikelTerkini::render is not a valid method.
[Method: GET, Route: artikel/Kebangkitan-Manchester-United-di-Bawah-Asuhan-Ruben-Amorim]
in SYSTEMPATH\View\Cell.php on line 99.
 1 SYSTEMPATH\View\Cell.php(99): CodeIgniter\View\Exceptions\ViewException::forInvalidCellMethod('App\\Cells\\ArtikelTerkini', 'render')
 2 SYSTEMPATH\Common.php(1189): CodeIgniter\View\Cell->render('App\\Cells\\ArtikelTerkini', [], 0, 'AppCellsArtikelTerkinirender40cd750bba9870f18aada2478b24840a')
 3 APPPATH\Views\layout\main.php(26): view_cell('App\\Cells\\ArtikelTerkini')
 4 SYSTEMPATH\View\View.php(224): include('C:\\xampp\\htdocs\\lab11_ci\\ci4\\app\\Views\\layout\\main.php')
 5 SYSTEMPATH\View\View.php(227): CodeIgniter\View\View->CodeIgniter\View\{closure}()
 6 SYSTEMPATH\View\View.php(240): CodeIgniter\View\View->render('layout/main', [], true)
 7 SYSTEMPATH\Common.php(1173): CodeIgniter\View\View->render('artikel/detail', [], true)
 8 APPPATH\Controllers\artikel.php(37): view('artikel/detail', [...])
 9 SYSTEMPATH\CodeIgniter.php(933): App\Controllers\Artikel->view('Kebangkitan-Manchester-United-di-Bawah-Asuhan-Ruben-Amorim')
10 SYSTEMPATH\CodeIgniter.php(507): CodeIgniter\CodeIgniter->runController(Object(App\Controllers\Artikel))
11 SYSTEMPATH\CodeIgniter.php(354): CodeIgniter\CodeIgniter->handleRequest(null, Object(Config\Cache), false)
12 SYSTEMPATH\Boot.php(334): CodeIgniter\CodeIgniter->run()
13 SYSTEMPATH\Boot.php(67): CodeIgniter\Boot::runCodeIgniter(Object(CodeIgniter\CodeIgniter))
14 FCPATH\index.php(56): CodeIgniter\Boot::bootWeb(Object(Config\Paths))
15 SYSTEMPATH\rewrite.php(44): require_once('C:\\xampp\\htdocs\\lab11_ci\\ci4\\public\\index.php')
